{"/Users/paulinejdavis/Documents/GildedRose/lib/gildedRose.js": {"path":"/Users/paulinejdavis/Documents/GildedRose/lib/gildedRose.js","statementMap":{"0":{"start":{"line":3,"column":6},"end":{"line":3,"column":23}},"1":{"start":{"line":4,"column":6},"end":{"line":4,"column":27}},"2":{"start":{"line":5,"column":6},"end":{"line":5,"column":29}},"3":{"start":{"line":11,"column":6},"end":{"line":11,"column":25}},"4":{"start":{"line":14,"column":6},"end":{"line":58,"column":7}},"5":{"start":{"line":14,"column":19},"end":{"line":14,"column":20}},"6":{"start":{"line":15,"column":8},"end":{"line":37,"column":9}},"7":{"start":{"line":16,"column":10},"end":{"line":20,"column":11}},"8":{"start":{"line":17,"column":12},"end":{"line":19,"column":13}},"9":{"start":{"line":18,"column":14},"end":{"line":18,"column":64}},"10":{"start":{"line":22,"column":10},"end":{"line":36,"column":11}},"11":{"start":{"line":23,"column":12},"end":{"line":23,"column":62}},"12":{"start":{"line":24,"column":12},"end":{"line":35,"column":13}},"13":{"start":{"line":25,"column":14},"end":{"line":29,"column":15}},"14":{"start":{"line":26,"column":16},"end":{"line":28,"column":17}},"15":{"start":{"line":27,"column":18},"end":{"line":27,"column":68}},"16":{"start":{"line":30,"column":14},"end":{"line":34,"column":15}},"17":{"start":{"line":31,"column":16},"end":{"line":33,"column":17}},"18":{"start":{"line":32,"column":18},"end":{"line":32,"column":68}},"19":{"start":{"line":38,"column":8},"end":{"line":40,"column":9}},"20":{"start":{"line":39,"column":10},"end":{"line":39,"column":58}},"21":{"start":{"line":41,"column":8},"end":{"line":57,"column":9}},"22":{"start":{"line":42,"column":10},"end":{"line":56,"column":11}},"23":{"start":{"line":43,"column":12},"end":{"line":51,"column":13}},"24":{"start":{"line":44,"column":14},"end":{"line":48,"column":15}},"25":{"start":{"line":45,"column":16},"end":{"line":47,"column":17}},"26":{"start":{"line":46,"column":18},"end":{"line":46,"column":68}},"27":{"start":{"line":50,"column":14},"end":{"line":50,"column":84}},"28":{"start":{"line":53,"column":12},"end":{"line":55,"column":13}},"29":{"start":{"line":54,"column":14},"end":{"line":54,"column":64}},"30":{"start":{"line":60,"column":6},"end":{"line":60,"column":24}},"31":{"start":{"line":64,"column":2},"end":{"line":67,"column":3}}},"fnMap":{"0":{"name":"(anonymous_0)","decl":{"start":{"line":2,"column":4},"end":{"line":2,"column":5}},"loc":{"start":{"line":2,"column":38},"end":{"line":6,"column":5}},"line":2},"1":{"name":"(anonymous_1)","decl":{"start":{"line":10,"column":4},"end":{"line":10,"column":5}},"loc":{"start":{"line":10,"column":25},"end":{"line":12,"column":5}},"line":10},"2":{"name":"(anonymous_2)","decl":{"start":{"line":13,"column":4},"end":{"line":13,"column":5}},"loc":{"start":{"line":13,"column":20},"end":{"line":61,"column":5}},"line":13}},"branchMap":{"0":{"loc":{"start":{"line":10,"column":16},"end":{"line":10,"column":24}},"type":"default-arg","locations":[{"start":{"line":10,"column":22},"end":{"line":10,"column":24}}],"line":10},"1":{"loc":{"start":{"line":15,"column":8},"end":{"line":37,"column":9}},"type":"if","locations":[{"start":{"line":15,"column":8},"end":{"line":37,"column":9}},{"start":{"line":21,"column":15},"end":{"line":37,"column":9}}],"line":15},"2":{"loc":{"start":{"line":15,"column":12},"end":{"line":15,"column":114}},"type":"binary-expr","locations":[{"start":{"line":15,"column":12},"end":{"line":15,"column":45}},{"start":{"line":15,"column":49},"end":{"line":15,"column":114}}],"line":15},"3":{"loc":{"start":{"line":16,"column":10},"end":{"line":20,"column":11}},"type":"if","locations":[{"start":{"line":16,"column":10},"end":{"line":20,"column":11}},{"start":{},"end":{}}],"line":16},"4":{"loc":{"start":{"line":17,"column":12},"end":{"line":19,"column":13}},"type":"if","locations":[{"start":{"line":17,"column":12},"end":{"line":19,"column":13}},{"start":{},"end":{}}],"line":17},"5":{"loc":{"start":{"line":22,"column":10},"end":{"line":36,"column":11}},"type":"if","locations":[{"start":{"line":22,"column":10},"end":{"line":36,"column":11}},{"start":{},"end":{}}],"line":22},"6":{"loc":{"start":{"line":24,"column":12},"end":{"line":35,"column":13}},"type":"if","locations":[{"start":{"line":24,"column":12},"end":{"line":35,"column":13}},{"start":{},"end":{}}],"line":24},"7":{"loc":{"start":{"line":25,"column":14},"end":{"line":29,"column":15}},"type":"if","locations":[{"start":{"line":25,"column":14},"end":{"line":29,"column":15}},{"start":{},"end":{}}],"line":25},"8":{"loc":{"start":{"line":26,"column":16},"end":{"line":28,"column":17}},"type":"if","locations":[{"start":{"line":26,"column":16},"end":{"line":28,"column":17}},{"start":{},"end":{}}],"line":26},"9":{"loc":{"start":{"line":30,"column":14},"end":{"line":34,"column":15}},"type":"if","locations":[{"start":{"line":30,"column":14},"end":{"line":34,"column":15}},{"start":{},"end":{}}],"line":30},"10":{"loc":{"start":{"line":31,"column":16},"end":{"line":33,"column":17}},"type":"if","locations":[{"start":{"line":31,"column":16},"end":{"line":33,"column":17}},{"start":{},"end":{}}],"line":31},"11":{"loc":{"start":{"line":38,"column":8},"end":{"line":40,"column":9}},"type":"if","locations":[{"start":{"line":38,"column":8},"end":{"line":40,"column":9}},{"start":{},"end":{}}],"line":38},"12":{"loc":{"start":{"line":41,"column":8},"end":{"line":57,"column":9}},"type":"if","locations":[{"start":{"line":41,"column":8},"end":{"line":57,"column":9}},{"start":{},"end":{}}],"line":41},"13":{"loc":{"start":{"line":42,"column":10},"end":{"line":56,"column":11}},"type":"if","locations":[{"start":{"line":42,"column":10},"end":{"line":56,"column":11}},{"start":{"line":52,"column":17},"end":{"line":56,"column":11}}],"line":42},"14":{"loc":{"start":{"line":43,"column":12},"end":{"line":51,"column":13}},"type":"if","locations":[{"start":{"line":43,"column":12},"end":{"line":51,"column":13}},{"start":{"line":49,"column":19},"end":{"line":51,"column":13}}],"line":43},"15":{"loc":{"start":{"line":44,"column":14},"end":{"line":48,"column":15}},"type":"if","locations":[{"start":{"line":44,"column":14},"end":{"line":48,"column":15}},{"start":{},"end":{}}],"line":44},"16":{"loc":{"start":{"line":45,"column":16},"end":{"line":47,"column":17}},"type":"if","locations":[{"start":{"line":45,"column":16},"end":{"line":47,"column":17}},{"start":{},"end":{}}],"line":45},"17":{"loc":{"start":{"line":53,"column":12},"end":{"line":55,"column":13}},"type":"if","locations":[{"start":{"line":53,"column":12},"end":{"line":55,"column":13}},{"start":{},"end":{}}],"line":53}},"s":{"0":2,"1":2,"2":2,"3":2,"4":2,"5":2,"6":2,"7":2,"8":1,"9":1,"10":0,"11":0,"12":0,"13":0,"14":0,"15":0,"16":0,"17":0,"18":0,"19":2,"20":2,"21":2,"22":2,"23":2,"24":2,"25":1,"26":1,"27":0,"28":0,"29":0,"30":2,"31":1},"f":{"0":2,"1":2,"2":2},"b":{"0":[0],"1":[2,0],"2":[2,2],"3":[1,1],"4":[1,0],"5":[0,0],"6":[0,0],"7":[0,0],"8":[0,0],"9":[0,0],"10":[0,0],"11":[2,0],"12":[2,0],"13":[2,0],"14":[2,0],"15":[1,1],"16":[1,0],"17":[0,0]},"_coverageSchema":"1a1c01bbd47fc00a2c39e90264f33305004495a9","hash":"17952d2ac4af8b4d1c60b25906efc4b4a1e26e4e"}
}
