TN:
SF:lib/gildedRose.js
FN:2,(anonymous_0)
FN:10,(anonymous_1)
FN:13,(anonymous_2)
FNF:3
FNH:3
FNDA:8,(anonymous_0)
FNDA:8,(anonymous_1)
FNDA:8,(anonymous_2)
DA:3,8
DA:4,8
DA:5,8
DA:11,8
DA:14,8
DA:15,8
DA:16,5
DA:17,3
DA:18,2
DA:22,3
DA:23,2
DA:24,2
DA:25,1
DA:26,0
DA:27,0
DA:30,1
DA:31,0
DA:32,0
DA:38,8
DA:39,7
DA:41,8
DA:42,4
DA:43,4
DA:44,4
DA:45,2
DA:46,2
DA:50,0
DA:53,0
DA:54,0
DA:60,8
DA:64,1
LF:31
LH:24
BRDA:10,0,0,0
BRDA:15,1,0,5
BRDA:15,1,1,3
BRDA:15,2,0,8
BRDA:15,2,1,6
BRDA:16,3,0,3
BRDA:16,3,1,2
BRDA:17,4,0,2
BRDA:17,4,1,1
BRDA:22,5,0,2
BRDA:22,5,1,1
BRDA:24,6,0,1
BRDA:24,6,1,1
BRDA:25,7,0,0
BRDA:25,7,1,1
BRDA:26,8,0,0
BRDA:26,8,1,0
BRDA:30,9,0,0
BRDA:30,9,1,1
BRDA:31,10,0,0
BRDA:31,10,1,0
BRDA:38,11,0,7
BRDA:38,11,1,1
BRDA:41,12,0,4
BRDA:41,12,1,4
BRDA:42,13,0,4
BRDA:42,13,1,0
BRDA:43,14,0,4
BRDA:43,14,1,0
BRDA:44,15,0,2
BRDA:44,15,1,2
BRDA:45,16,0,2
BRDA:45,16,1,0
BRDA:53,17,0,0
BRDA:53,17,1,0
BRF:35
BRH:23
end_of_record
